<?xml version="1.0" encoding="UTF-8"?>
<!-- Generated by org.testng.reporters.JUnitXMLReporter -->
<testsuite hostname="Sumairs-MacBook-Pro.local" ignored="0" name="Regression Suite" tests="10" failures="0" timestamp="2020-01-22T19:44:01 EST" time="0.069" errors="0">
  <testcase name="closeReport" time="0.013" classname="com.syntax.testcases.ReportsModule"/>
  <testcase name="openReport" time="0.001" classname="com.syntax.testcases.ReportsModule"/>
  <testcase name="validateReportModule" time="0.001" classname="com.syntax.testcases.ReportsModule"/>
  <testcase name="validateLeaveList" time="0.001" classname="com.syntax.testcases.LeaveList"/>
  <testcase name="validateAddEmployee" time="0.002" classname="com.syntax.testcases.PimModule"/>
  <testcase name="validatePimModule" time="0.001" classname="com.syntax.testcases.PimModule"/>
  <testcase name="validateRemoveEmployee" time="0.001" classname="com.syntax.testcases.PimModule"/>
  <testcase name="leaveDate" time="0.001" classname="com.syntax.testcases.LeaveModule"/>
  <testcase name="returnDate" time="0.001" classname="com.syntax.testcases.LeaveModule"/>
  <testcase name="validateLeaveModule" time="0.001" classname="com.syntax.testcases.LeaveModule"/>
</testsuite> <!-- Regression Suite -->
