<?xml version="1.0" encoding="UTF-8"?>
<!-- Generated by org.testng.reporters.JUnitXMLReporter -->
<testsuite hostname="Sumairs-MacBook-Pro.local" ignored="7" name="Test" tests="3" failures="0" timestamp="2020-01-22T19:50:02 EST" time="0.056" errors="0">
  <testcase name="validateReportModule" time="0.012" classname="com.syntax.testcases.ReportsModule"/>
  <testcase name="validatePimModule" time="0.002" classname="com.syntax.testcases.PimModule"/>
  <testcase name="validateLeaveModule" time="0.001" classname="com.syntax.testcases.LeaveModule"/>
  <testcase name="returnDate" time="0.0" classname="com.syntax.testcases.LeaveModule">
    <ignored/>
  </testcase> <!-- returnDate -->
  <testcase name="openReport" time="0.0" classname="com.syntax.testcases.ReportsModule">
    <ignored/>
  </testcase> <!-- openReport -->
  <testcase name="validateRemoveEmployee" time="0.0" classname="com.syntax.testcases.PimModule">
    <ignored/>
  </testcase> <!-- validateRemoveEmployee -->
  <testcase name="closeReport" time="0.0" classname="com.syntax.testcases.ReportsModule">
    <ignored/>
  </testcase> <!-- closeReport -->
  <testcase name="leaveDate" time="0.0" classname="com.syntax.testcases.LeaveModule">
    <ignored/>
  </testcase> <!-- leaveDate -->
  <testcase name="validateLeaveList" time="0.0" classname="com.syntax.testcases.LeaveList">
    <ignored/>
  </testcase> <!-- validateLeaveList -->
  <testcase name="validateAddEmployee" time="0.0" classname="com.syntax.testcases.PimModule">
    <ignored/>
  </testcase> <!-- validateAddEmployee -->
</testsuite> <!-- Test -->
